{
  "stats": {
    "suites": 1,
    "tests": 1,
    "passes": 1,
    "pending": 0,
    "failures": 0,
    "start": "2025-06-30T08:51:57.105Z",
    "end": "2025-06-30T08:52:11.685Z",
    "duration": 14580,
    "testsRegistered": 1,
    "passPercent": 100,
    "pendingPercent": 0,
    "other": 0,
    "hasOther": false,
    "skipped": 0,
    "hasSkipped": false
  },
  "results": [
    {
      "uuid": "e2618d9e-5487-4799-b35d-3f82dc47ec66",
      "title": "",
      "fullFile": "cypress\\integration\\examples\\Test7.js",
      "file": "cypress\\integration\\examples\\Test7.js",
      "beforeHooks": [],
      "afterHooks": [],
      "tests": [],
      "suites": [
        {
          "uuid": "d3ab5d01-3a0c-4f8e-bcca-a533cdb5f375",
          "title": "Handling Child Windows",
          "fullFile": "",
          "file": "",
          "beforeHooks": [],
          "afterHooks": [],
          "tests": [
            {
              "title": "Should handle child window",
              "fullTitle": "Handling Child Windows Should handle child window",
              "timedOut": null,
              "duration": 13337,
              "state": "passed",
              "speed": "slow",
              "pass": true,
              "fail": false,
              "pending": false,
              "context": null,
              "code": "cy.visit(\"https://rahulshettyacademy.com/AutomationPractice/\");\ncy.get(\"#opentab\").invoke('removeAttr', 'target').click();\ncy.origin(\"https://www.qaclickacademy.com\", function () {\n  cy.get(\"#navbarSupportedContent a[href*='about']\").click();\n  cy.get(\".mt-50 h2\").should('contain', 'QAClick Academy');\n});\n//Assignment\n// cy.visit(\"https://rahulshettyacademy.com/seleniumPractise/#/\");\n// cy.get(\".blinkingText\").invoke('removeAttr','target').click();\n// cy.get(\"h1\").should('contain','Documents request');",
              "err": {},
              "uuid": "fb424312-8104-44f6-88dd-fdad677bd660",
              "parentUUID": "d3ab5d01-3a0c-4f8e-bcca-a533cdb5f375",
              "isHook": false,
              "skipped": false
            }
          ],
          "suites": [],
          "passes": [
            "fb424312-8104-44f6-88dd-fdad677bd660"
          ],
          "failures": [],
          "pending": [],
          "skipped": [],
          "duration": 13337,
          "root": false,
          "rootEmpty": false,
          "_timeout": 2000
        }
      ],
      "passes": [],
      "failures": [],
      "pending": [],
      "skipped": [],
      "duration": 0,
      "root": true,
      "rootEmpty": true,
      "_timeout": 2000
    }
  ],
  "meta": {
    "mocha": {
      "version": "7.0.1"
    },
    "mochawesome": {
      "options": {
        "quiet": false,
        "reportFilename": "mochawesome",
        "saveHtml": false,
        "saveJson": true,
        "consoleReporter": "spec",
        "useInlineDiffs": false,
        "code": true
      },
      "version": "7.1.3"
    },
    "marge": {
      "options": {
        "overwrite": false,
        "html": false,
        "json": true,
        "reportDir": "cypress\\reports\\html\\.jsons"
      },
      "version": "6.2.0"
    }
  }
}