{
  "stats": {
    "suites": 1,
    "tests": 1,
    "passes": 1,
    "pending": 0,
    "failures": 0,
    "start": "2025-06-30T08:52:12.801Z",
    "end": "2025-06-30T08:52:25.449Z",
    "duration": 12648,
    "testsRegistered": 1,
    "passPercent": 100,
    "pendingPercent": 0,
    "other": 0,
    "hasOther": false,
    "skipped": 0,
    "hasSkipped": false
  },
  "results": [
    {
      "uuid": "053bb788-3bfb-45ec-84ef-2e65932af35e",
      "title": "",
      "fullFile": "cypress\\integration\\examples\\Test8Framework.js",
      "file": "cypress\\integration\\examples\\Test8Framework.js",
      "beforeHooks": [],
      "afterHooks": [],
      "tests": [],
      "suites": [
        {
          "uuid": "923a1a05-bda8-460e-aee0-b89a1133353f",
          "title": "End to End ecommerce Test",
          "fullFile": "",
          "file": "",
          "beforeHooks": [],
          "afterHooks": [],
          "tests": [
            {
              "title": "Submit Order",
              "fullTitle": "End to End ecommerce Test Submit Order",
              "timedOut": null,
              "duration": 10867,
              "state": "passed",
              "speed": "slow",
              "pass": true,
              "fail": false,
              "pending": false,
              "context": null,
              "code": "var productName = this.data.productName;\nthis.homepage.goTo(Cypress.env('url') + \"/loginpagePractise/\");\ncy.log(this.data.username);\nvar productPage = this.homepage.login(this.data.username, this.data.password);\nproductPage.pageValidation();\nproductPage.getCardCount().should('have.length', 4);\nproductPage.selectProduct(productName);\nproductPage.selectFirstProduct();\nvar cartPage = productPage.goToCart();\ncartPage.sumOfProducts().then(function (sum) {\n  expect(sum).to.be.lessThan(200000);\n});\nvar confirmationPage = cartPage.checkoutItems();\nconfirmationPage.submitFormDetails();\nconfirmationPage.getAlertMessage().should('contain', 'Success');",
              "err": {},
              "uuid": "39324eed-0b6e-4a07-aef4-52eb64806f3f",
              "parentUUID": "923a1a05-bda8-460e-aee0-b89a1133353f",
              "isHook": false,
              "skipped": false
            }
          ],
          "suites": [],
          "passes": [
            "39324eed-0b6e-4a07-aef4-52eb64806f3f"
          ],
          "failures": [],
          "pending": [],
          "skipped": [],
          "duration": 10867,
          "root": false,
          "rootEmpty": false,
          "_timeout": 2000
        }
      ],
      "passes": [],
      "failures": [],
      "pending": [],
      "skipped": [],
      "duration": 0,
      "root": true,
      "rootEmpty": true,
      "_timeout": 2000
    }
  ],
  "meta": {
    "mocha": {
      "version": "7.0.1"
    },
    "mochawesome": {
      "options": {
        "quiet": false,
        "reportFilename": "mochawesome",
        "saveHtml": false,
        "saveJson": true,
        "consoleReporter": "spec",
        "useInlineDiffs": false,
        "code": true
      },
      "version": "7.1.3"
    },
    "marge": {
      "options": {
        "overwrite": false,
        "html": false,
        "json": true,
        "reportDir": "cypress\\reports\\html\\.jsons"
      },
      "version": "6.2.0"
    }
  }
}