{
  "stats": {
    "suites": 1,
    "tests": 1,
    "passes": 1,
    "pending": 0,
    "failures": 0,
    "start": "2025-06-30T08:52:40.097Z",
    "end": "2025-06-30T08:52:48.754Z",
    "duration": 8657,
    "testsRegistered": 1,
    "passPercent": 100,
    "pendingPercent": 0,
    "other": 0,
    "hasOther": false,
    "skipped": 0,
    "hasSkipped": false
  },
  "results": [
    {
      "uuid": "06126765-578e-4eda-9cca-adc6cc6b055c",
      "title": "",
      "fullFile": "cypress\\integration\\examples\\calendar.js",
      "file": "cypress\\integration\\examples\\calendar.js",
      "beforeHooks": [],
      "afterHooks": [],
      "tests": [],
      "suites": [
        {
          "uuid": "b209cb83-505b-46a1-89cf-c572feab363e",
          "title": "Calendar test",
          "fullFile": "",
          "file": "",
          "beforeHooks": [],
          "afterHooks": [],
          "tests": [
            {
              "title": "Verify date selection",
              "fullTitle": "Calendar test Verify date selection",
              "timedOut": null,
              "duration": 7236,
              "state": "passed",
              "speed": "medium",
              "pass": true,
              "fail": false,
              "pending": false,
              "context": null,
              "code": "var monthNumber = \"6\";\nvar date = \"15\";\nvar year = \"2027\";\nvar expectedList = [monthNumber, date, year];\ncy.visit(\"https://rahulshettyacademy.com/seleniumPractise/#/offers\");\ncy.wait(5000);\ncy.get(\".react-date-picker__inputGroup\").click();\ncy.get(\".react-calendar__navigation__label\").click();\ncy.get(\".react-calendar__navigation__label\").click();\ncy.contains(\"button\", year).click();\ncy.get(\".react-calendar__year-view__months__month\").eq(Number(monthNumber) - 1).click();\ncy.contains(\"abbr\", date).click();\n//Assertion\ncy.get(\".react-date-picker__inputGroup__input\").each(function ($el, index) {\n  cy.wrap($el).invoke('val').should('eq', expectedList[index]);\n});",
              "err": {},
              "uuid": "c18ffb90-fb4f-4b7c-84e3-f74b16636579",
              "parentUUID": "b209cb83-505b-46a1-89cf-c572feab363e",
              "isHook": false,
              "skipped": false
            }
          ],
          "suites": [],
          "passes": [
            "c18ffb90-fb4f-4b7c-84e3-f74b16636579"
          ],
          "failures": [],
          "pending": [],
          "skipped": [],
          "duration": 7236,
          "root": false,
          "rootEmpty": false,
          "_timeout": 2000
        }
      ],
      "passes": [],
      "failures": [],
      "pending": [],
      "skipped": [],
      "duration": 0,
      "root": true,
      "rootEmpty": true,
      "_timeout": 2000
    }
  ],
  "meta": {
    "mocha": {
      "version": "7.0.1"
    },
    "mochawesome": {
      "options": {
        "quiet": false,
        "reportFilename": "mochawesome",
        "saveHtml": false,
        "saveJson": true,
        "consoleReporter": "spec",
        "useInlineDiffs": false,
        "code": true
      },
      "version": "7.1.3"
    },
    "marge": {
      "options": {
        "overwrite": false,
        "html": false,
        "json": true,
        "reportDir": "cypress\\reports\\html\\.jsons"
      },
      "version": "6.2.0"
    }
  }
}